<?xml version="1.0" encoding="UTF-8"?>
<!-- Generated by org.testng.reporters.JUnitReportReporter -->
<testsuite hostname="LAPTOP-R44AMVLB" failures="0" tests="1" name="restassured.get2" time="3.902" errors="0" timestamp="2022-07-09T19:33:06 IST" skipped="0">
  <testcase classname="restassured.get2" name="getdetails" time="3.902"/>
  <system-out/>
</testsuite> <!-- restassured.get2 -->
