<?xml version="1.0" encoding="UTF-8"?>
<!-- Generated by org.testng.reporters.JUnitReportReporter -->
<testsuite hostname="LAPTOP-R44AMVLB" failures="0" tests="2" name="RestAssured1.purchase_amount" time="1.696" errors="0" timestamp="2022-08-28T16:35:00 IST" skipped="0">
  <testcase classname="RestAssured1.purchase_amount" name="purchasemethod" time="0.199"/>
  <system-out/>
  <testcase classname="RestAssured1.purchase_amount" name="purchaseamt" time="1.497"/>
  <system-out/>
</testsuite> <!-- RestAssured1.purchase_amount -->
