<?xml version="1.0" encoding="UTF-8"?>
<!-- Generated by org.testng.reporters.JUnitReportReporter -->
<testsuite hostname="LAPTOP-R44AMVLB" failures="0" tests="1" name="restassured.getinBDDstyle" time="4.975" errors="0" timestamp="2022-07-16T13:04:04 IST" skipped="0">
  <testcase classname="restassured.getinBDDstyle" name="getmethod" time="4.975"/>
  <system-out/>
</testsuite> <!-- restassured.getinBDDstyle -->
