<?xml version="1.0" encoding="UTF-8"?>
<!-- Generated by org.testng.reporters.JUnitReportReporter -->
<testsuite hostname="LAPTOP-R44AMVLB" failures="0" tests="1" name="restassured.TC1_get_request" time="5.127" errors="0" timestamp="2022-07-08T12:31:55 IST" skipped="0">
  <testcase classname="restassured.TC1_get_request" name="details" time="5.127"/>
  <system-out/>
</testsuite> <!-- restassured.TC1_get_request -->
