<?xml version="1.0" encoding="UTF-8"?>
<!-- Generated by org.testng.reporters.JUnitReportReporter -->
<testsuite hostname="LAPTOP-R44AMVLB" failures="0" tests="1" name="restassured.post1" time="4.775" errors="0" timestamp="2022-07-09T20:13:39 IST" skipped="0">
  <testcase classname="restassured.post1" name="detailspost" time="4.775"/>
  <system-out/>
</testsuite> <!-- restassured.post1 -->
