<?xml version="1.0" encoding="UTF-8"?>
<!-- Generated by org.testng.reporters.JUnitReportReporter -->
<testsuite hostname="LAPTOP-R44AMVLB" failures="0" tests="1" name="restassured.post2" time="4.363" errors="0" timestamp="2022-07-09T20:35:49 IST" skipped="0">
  <testcase classname="restassured.post2" name="postdetails" time="4.363"/>
  <system-out/>
</testsuite> <!-- restassured.post2 -->
