<?xml version="1.0" encoding="UTF-8"?>
<!-- Generated by org.testng.reporters.JUnitReportReporter -->
<testsuite hostname="LAPTOP-R44AMVLB" failures="0" tests="1" name="sample1.training" time="0.000" errors="0" timestamp="2022-07-06T14:46:53 IST" skipped="1">
  <testcase classname="sample1.training" name="openbrowser" time="0.000">
    <skipped/>
  </testcase> <!-- openbrowser -->
  <system-out/>
</testsuite> <!-- sample1.training -->
