<?xml version="1.0" encoding="UTF-8"?>
<!-- Generated by org.testng.reporters.JUnitReportReporter -->
<testsuite hostname="LAPTOP-R44AMVLB" failures="0" tests="1" name="restassured.TC4_delete_request" time="3.901" errors="0" timestamp="2022-07-09T18:25:08 IST" skipped="0">
  <testcase classname="restassured.TC4_delete_request" name="detailsdelete" time="3.901"/>
  <system-out/>
</testsuite> <!-- restassured.TC4_delete_request -->
