<?xml version="1.0" encoding="UTF-8"?>
<!-- Generated by org.testng.reporters.JUnitReportReporter -->
<testsuite hostname="LAPTOP-R44AMVLB" failures="0" tests="1" name="restassured.get1" time="4.566" errors="0" timestamp="2022-07-09T19:05:02 IST" skipped="0">
  <testcase classname="restassured.get1" name="detailsget" time="4.566"/>
  <system-out/>
</testsuite> <!-- restassured.get1 -->
