<?xml version="1.0" encoding="UTF-8"?>
<!-- Generated by org.testng.reporters.JUnitReportReporter -->
<testsuite hostname="LAPTOP-R44AMVLB" failures="0" tests="1" name="restassured.TC2_post_request" time="6.710" errors="0" timestamp="2022-07-09T18:36:55 IST" skipped="0">
  <testcase classname="restassured.TC2_post_request" name="post" time="6.710"/>
  <system-out/>
</testsuite> <!-- restassured.TC2_post_request -->
