<?xml version="1.0" encoding="UTF-8"?>
<!-- Generated by org.testng.reporters.JUnitReportReporter -->
<testsuite hostname="LAPTOP-R44AMVLB" failures="0" tests="4" name="restassured.miniproject" time="6.869" errors="0" timestamp="2022-07-16T15:07:34 IST" skipped="0">
  <testcase classname="restassured.miniproject" name="gettestdata" time="3.584"/>
  <system-out/>
  <testcase classname="restassured.miniproject" name="addnewdata" time="1.352"/>
  <system-out/>
  <testcase classname="restassured.miniproject" name="updatedata" time="0.912"/>
  <system-out/>
  <testcase classname="restassured.miniproject" name="deletedata" time="1.021"/>
  <system-out/>
</testsuite> <!-- restassured.miniproject -->
