<?xml version="1.0" encoding="UTF-8"?>
<!-- Generated by org.testng.reporters.JUnitReportReporter -->
<testsuite hostname="LAPTOP-R44AMVLB" failures="0" tests="1" name="restassured.TC3_put_request" time="4.599" errors="0" timestamp="2022-07-09T18:27:32 IST" skipped="0">
  <testcase classname="restassured.TC3_put_request" name="detailsput" time="4.599"/>
  <system-out/>
</testsuite> <!-- restassured.TC3_put_request -->
