<?xml version="1.0" encoding="UTF-8"?>
<!-- Generated by org.testng.reporters.JUnitReportReporter -->
<testsuite hostname="LAPTOP-R44AMVLB" failures="0" tests="1" name="restassured.sample1" time="3.927" errors="0" timestamp="2022-07-08T11:06:56 IST" skipped="0">
  <testcase classname="restassured.sample1" name="getallstudents" time="3.927"/>
  <system-out/>
</testsuite> <!-- restassured.sample1 -->
