<?xml version="1.0" encoding="UTF-8"?>
<!-- Generated by org.testng.reporters.JUnitReportReporter -->
<testsuite hostname="LAPTOP-R44AMVLB" failures="0" tests="1" name="restassured.TC2_post_request1" time="6.608" errors="0" timestamp="2022-07-09T18:37:37 IST" skipped="0">
  <testcase classname="restassured.TC2_post_request1" name="detailspost" time="6.608"/>
  <system-out/>
</testsuite> <!-- restassured.TC2_post_request1 -->
