<?xml version="1.0" encoding="UTF-8"?>
<!-- Generated by org.testng.reporters.JUnitReportReporter -->
<testsuite hostname="LAPTOP-R44AMVLB" failures="0" tests="1" name="restassured.post3" time="3.431" errors="0" timestamp="2022-07-09T20:53:01 IST" skipped="0">
  <testcase classname="restassured.post3" name="postdetails" time="3.431"/>
  <system-out/>
</testsuite> <!-- restassured.post3 -->
